00:52:26.294 [main] INFO  testCases.TC002_Tutorialsninja_Login_Test - ******finish TC002_Tutorialsninja_Login_Test**********
00:52:30.136 [main] INFO  testCases.TC003_Login_DataDrivenTest - ******starting TC003_Login_DataDrivenTest**********
00:52:31.730 [main] INFO  testCases.TC003_Login_DataDrivenTest - ******finish TC003_Login_DataDrivenTest**********
00:52:31.739 [main] INFO  testCases.TC003_Login_DataDrivenTest - ******starting TC003_Login_DataDrivenTest**********
00:52:42.672 [main] INFO  testCases.TC003_Login_DataDrivenTest - ******finish TC003_Login_DataDrivenTest**********
00:52:42.672 [main] INFO  testCases.TC003_Login_DataDrivenTest - ******starting TC003_Login_DataDrivenTest**********
00:52:53.720 [main] INFO  testCases.TC003_Login_DataDrivenTest - ******finish TC003_Login_DataDrivenTest**********
00:52:53.720 [main] INFO  testCases.TC003_Login_DataDrivenTest - ******starting TC003_Login_DataDrivenTest**********
00:53:04.834 [main] INFO  testCases.TC003_Login_DataDrivenTest - ******finish TC003_Login_DataDrivenTest**********
00:53:04.834 [main] INFO  testCases.TC003_Login_DataDrivenTest - ******starting TC003_Login_DataDrivenTest**********
00:53:06.212 [main] INFO  testCases.TC003_Login_DataDrivenTest - ******finish TC003_Login_DataDrivenTest**********
00:53:06.217 [main] INFO  testCases.TC003_Login_DataDrivenTest - ******starting TC003_Login_DataDrivenTest**********
00:53:07.661 [main] INFO  testCases.TC003_Login_DataDrivenTest - ******finish TC003_Login_DataDrivenTest**********
00:53:07.667 [main] INFO  testCases.TC003_Login_DataDrivenTest - ******starting TC003_Login_DataDrivenTest**********
00:53:18.617 [main] INFO  testCases.TC003_Login_DataDrivenTest - ******finish TC003_Login_DataDrivenTest**********
01:00:30.896 [main] INFO  org.testng.internal.Utils - [TestNG] Running:
  C:\Users\dell\eclipse-workspace\Seleniumprojects\Automation_Framework1\Execution_Xml_Files\Tutorialsninja_Groupwise_Execution.xml

01:00:33.894 [main] INFO  testCases.TC001_Tutorialsninja_AccountRegistration_Test - ******starting TC001_AccountRegistrationTest**********
01:00:34.035 [main] INFO  testCases.TC001_Tutorialsninja_AccountRegistration_Test - ******starting TC001_AccountRegistrationTest**********
01:00:34.425 [main] INFO  testCases.TC001_Tutorialsninja_AccountRegistration_Test - ********* myaccclick**********
01:00:34.427 [main] INFO  testCases.TC001_Tutorialsninja_AccountRegistration_Test - ******Registration fields filling**********
01:00:35.918 [main] INFO  testCases.TC001_Tutorialsninja_AccountRegistration_Test - ******Assertion checking**********
01:00:35.971 [main] INFO  testCases.TC001_Tutorialsninja_AccountRegistration_Test - ******Finished TC001_AccountRegistrationTest**********
01:00:38.196 [main] INFO  testCases.TC002_Tutorialsninja_Login_Test - ******starting TC002_Tutorialsninja_Login_Test**********
01:00:39.557 [main] INFO  testCases.TC002_Tutorialsninja_Login_Test - ******finish TC002_Tutorialsninja_Login_Test**********
01:00:43.365 [main] INFO  testCases.TC003_Login_DataDrivenTest - ******starting TC003_Login_DataDrivenTest**********
01:00:45.192 [main] INFO  testCases.TC003_Login_DataDrivenTest - ******finish TC003_Login_DataDrivenTest**********
01:00:45.198 [main] INFO  testCases.TC003_Login_DataDrivenTest - ******starting TC003_Login_DataDrivenTest**********
01:00:56.120 [main] INFO  testCases.TC003_Login_DataDrivenTest - ******finish TC003_Login_DataDrivenTest**********
01:00:56.136 [main] INFO  testCases.TC003_Login_DataDrivenTest - ******starting TC003_Login_DataDrivenTest**********
01:01:07.236 [main] INFO  testCases.TC003_Login_DataDrivenTest - ******finish TC003_Login_DataDrivenTest**********
01:01:07.251 [main] INFO  testCases.TC003_Login_DataDrivenTest - ******starting TC003_Login_DataDrivenTest**********
01:01:18.468 [main] INFO  testCases.TC003_Login_DataDrivenTest - ******finish TC003_Login_DataDrivenTest**********
01:01:18.468 [main] INFO  testCases.TC003_Login_DataDrivenTest - ******starting TC003_Login_DataDrivenTest**********
01:01:19.872 [main] INFO  testCases.TC003_Login_DataDrivenTest - ******finish TC003_Login_DataDrivenTest**********
01:01:19.878 [main] INFO  testCases.TC003_Login_DataDrivenTest - ******starting TC003_Login_DataDrivenTest**********
01:01:21.259 [main] INFO  testCases.TC003_Login_DataDrivenTest - ******finish TC003_Login_DataDrivenTest**********
01:01:21.262 [main] INFO  testCases.TC003_Login_DataDrivenTest - ******starting TC003_Login_DataDrivenTest**********
01:01:32.209 [main] INFO  testCases.TC003_Login_DataDrivenTest - ******finish TC003_Login_DataDrivenTest**********
01:15:22.097 [main] INFO  org.testng.internal.Utils - [TestNG] Running:
  C:\Users\dell\eclipse-workspace\Seleniumprojects\Automation_Framework1\Execution_Xml_Files\Tutorialsninja_Groupwise_Execution.xml

01:15:24.827 [main] INFO  testCases.TC001_Tutorialsninja_AccountRegistration_Test - ******starting TC001_AccountRegistrationTest**********
01:15:24.977 [main] INFO  testCases.TC001_Tutorialsninja_AccountRegistration_Test - ******starting TC001_AccountRegistrationTest**********
