00:26:13.720 [main] INFO  testCases.TC002_Tutorialsninja_Login_Test - ******finish TC002_Tutorialsninja_Login_Test**********
00:26:36.741 [main] INFO  org.testng.internal.Utils - [TestNG] Running:
  C:\Users\dell\eclipse-workspace\Seleniumprojects\Automation_Framework1\Execution_Xml_Files\Tutorialsninja_Groupwise_Execution.xml

00:26:39.904 [main] INFO  testCases.TC001_Tutorialsninja_AccountRegistration_Test - ******starting TC001_AccountRegistrationTest**********
00:26:40.083 [main] INFO  testCases.TC001_Tutorialsninja_AccountRegistration_Test - ******starting TC001_AccountRegistrationTest**********
00:26:40.457 [main] INFO  testCases.TC001_Tutorialsninja_AccountRegistration_Test - ********* myaccclick**********
00:26:40.461 [main] INFO  testCases.TC001_Tutorialsninja_AccountRegistration_Test - ******Registration fields filling**********
00:26:42.557 [main] INFO  testCases.TC001_Tutorialsninja_AccountRegistration_Test - ******Assertion checking**********
00:26:42.609 [main] INFO  testCases.TC001_Tutorialsninja_AccountRegistration_Test - ******Finished TC001_AccountRegistrationTest**********
00:26:45.043 [main] INFO  testCases.TC002_Tutorialsninja_Login_Test - ******starting TC002_Tutorialsninja_Login_Test**********
00:26:46.886 [main] INFO  testCases.TC002_Tutorialsninja_Login_Test - ******finish TC002_Tutorialsninja_Login_Test**********
00:28:33.343 [main] INFO  org.testng.internal.Utils - [TestNG] Running:
  C:\Users\dell\eclipse-workspace\Seleniumprojects\Automation_Framework1\Execution_Xml_Files\Tutorialsninja_Groupwise_Execution.xml

00:28:36.618 [main] INFO  testCases.TC001_Tutorialsninja_AccountRegistration_Test - ******starting TC001_AccountRegistrationTest**********
00:28:36.812 [main] INFO  testCases.TC001_Tutorialsninja_AccountRegistration_Test - ******starting TC001_AccountRegistrationTest**********
00:28:37.242 [main] INFO  testCases.TC001_Tutorialsninja_AccountRegistration_Test - ********* myaccclick**********
00:28:37.245 [main] INFO  testCases.TC001_Tutorialsninja_AccountRegistration_Test - ******Registration fields filling**********
00:28:39.562 [main] INFO  testCases.TC001_Tutorialsninja_AccountRegistration_Test - ******Assertion checking**********
00:28:39.616 [main] INFO  testCases.TC001_Tutorialsninja_AccountRegistration_Test - ******Finished TC001_AccountRegistrationTest**********
00:28:42.221 [main] INFO  testCases.TC002_Tutorialsninja_Login_Test - ******starting TC002_Tutorialsninja_Login_Test**********
00:28:43.824 [main] INFO  testCases.TC002_Tutorialsninja_Login_Test - ******finish TC002_Tutorialsninja_Login_Test**********
00:28:48.853 [main] INFO  testCases.TC003_Login_DataDrivenTest - ******starting TC003_Login_DataDrivenTest**********
00:28:50.893 [main] INFO  testCases.TC003_Login_DataDrivenTest - ******finish TC003_Login_DataDrivenTest**********
00:28:50.903 [main] INFO  testCases.TC003_Login_DataDrivenTest - ******starting TC003_Login_DataDrivenTest**********
00:29:02.226 [main] INFO  testCases.TC003_Login_DataDrivenTest - ******finish TC003_Login_DataDrivenTest**********
00:29:02.236 [main] INFO  testCases.TC003_Login_DataDrivenTest - ******starting TC003_Login_DataDrivenTest**********
00:29:13.764 [main] INFO  testCases.TC003_Login_DataDrivenTest - ******finish TC003_Login_DataDrivenTest**********
00:29:13.781 [main] INFO  testCases.TC003_Login_DataDrivenTest - ******starting TC003_Login_DataDrivenTest**********
00:29:25.346 [main] INFO  testCases.TC003_Login_DataDrivenTest - ******finish TC003_Login_DataDrivenTest**********
00:29:25.346 [main] INFO  testCases.TC003_Login_DataDrivenTest - ******starting TC003_Login_DataDrivenTest**********
00:29:27.337 [main] INFO  testCases.TC003_Login_DataDrivenTest - ******finish TC003_Login_DataDrivenTest**********
00:29:27.346 [main] INFO  testCases.TC003_Login_DataDrivenTest - ******starting TC003_Login_DataDrivenTest**********
00:29:29.227 [main] INFO  testCases.TC003_Login_DataDrivenTest - ******finish TC003_Login_DataDrivenTest**********
00:29:29.234 [main] INFO  testCases.TC003_Login_DataDrivenTest - ******starting TC003_Login_DataDrivenTest**********
00:29:41.026 [main] INFO  testCases.TC003_Login_DataDrivenTest - ******finish TC003_Login_DataDrivenTest**********
00:55:03.838 [main] INFO  org.testng.internal.Utils - [TestNG] Running:
  C:\Users\dell\eclipse-workspace\Seleniumprojects\Automation_Framework1\Execution_Xml_Files\Tutorialsninja_Groupwise_Execution.xml

01:01:29.451 [main] INFO  org.testng.internal.Utils - [TestNG] Running:
  C:\Users\dell\eclipse-workspace\Seleniumprojects\Automation_Framework1\Execution_Xml_Files\Tutorialsninja_Groupwise_Execution.xml

01:01:33.302 [main] INFO  testCases.TC001_Tutorialsninja_AccountRegistration_Test - ******starting TC001_AccountRegistrationTest**********
01:01:33.469 [main] INFO  testCases.TC001_Tutorialsninja_AccountRegistration_Test - ******starting TC001_AccountRegistrationTest**********
01:01:33.878 [main] INFO  testCases.TC001_Tutorialsninja_AccountRegistration_Test - ********* myaccclick**********
